[LOG] System::create                           : Header version = 2.01.07. Current version = 2.01.07.
[LOG] Manager::init                            : maxchannels = 256 studioflags = 00000006 flags 00000000 extradriverdata 0000000000000000.
[LOG] SystemI::init                            : Initialize version=20107 (113487), maxchannels=256, flags=0x00020000
[LOG] SystemI::setOutputInternal               : Setting output to 'FMOD WASAPI Output'
[LOG] OutputWASAPI::init                       : Mix Format (WAVEFORMATEX): wFormatTag=0xFFFE, nChannels=2, nSamplesPerSec=48000, nAvgBytesPerSec=384000, nBlockAlign=8, wBitsPerSample=32, cbSize=22.
[LOG] OutputWASAPI::init                       : Mix Format (WAVEFORMATEXTENSIBLE): wValidBitsPerSample=32, dwChannelMask=0x00000003, SubFormat=00000003-0000-0010-8000-00AA00389B71.
[LOG] OutputWASAPI::init                       : Output buffer size: 4096 samples, latency: 0.00ms, period: 10.00ms, DSP buffer: 1024 * 4
[LOG] Thread::initThread                       : Init FMOD stream thread. Affinity: 0x8000000000000003, Priority: 0xFFFF7FFB, Stack Size: 98304, Semaphore: No, Sleep Time: 10, Looping: Yes.
[LOG] Thread::initThread                       : Init FMOD mixer thread. Affinity: 0x8000000000000001, Priority: 0xFFFF7FFA, Stack Size: 81920, Semaphore: No, Sleep Time: 0, Looping: Yes.
[LOG] AsyncManager::init                       : manager 000001DB5A46D178 isAsync 0 updatePeriod 0.02
[LOG] AsyncManager::init                       : done
[LOG] PlaybackSystem::init                     : 
[LOG] Thread::initThread                       : Init FMOD Studio sample load thread. Affinity: 0x8000000000000003, Priority: 0xFFFF7FFD, Stack Size: 98304, Semaphore: No, Sleep Time: 1, Looping: No.
[LOG] PlaybackSystem::init                     : done
[LOG] Thread::initThread                       : Init FMOD Studio bank load thread. Affinity: 0x8000000000000003, Priority: 0xFFFF7FFD, Stack Size: 98304, Semaphore: No, Sleep Time: 1, Looping: No.
[LOG] Manager::init                            : done.
[LOG] Manager::readBank                        : fileversion = 135, compatVersion = 132 (oldest = 44, newest = 135)
[LOG] Manager::readBank                        : fileversion = 135, compatVersion = 132 (oldest = 44, newest = 135)
[LOG] SoundI::release                          :  (000001DBDB27CE98)
[LOG] SoundI::release                          :     FindGun (000001DBA755D598)
[LOG] SoundI::release                          :  (000001DBDB27B628)
[LOG] SoundI::release                          :     StoneSlab (000001DBA755C6F8)
[LOG] SoundI::release                          :  (000001DBDB27F288)
[LOG] SoundI::release                          :     FallingWood3 (000001DBA755AE98)
[LOG] SoundI::release                          :  (000001DBDB27B348)
[LOG] SoundI::release                          :     FallingWood4 (000001DBA755C3B8)
[LOG] SoundI::release                          :  (000001DBDB27AC18)
[LOG] SoundI::release                          :     FallingWood1 (000001DBA755C558)
[LOG] SoundI::release                          :  (000001DBDB27B4B8)
[LOG] SoundI::release                          :     FallingWood2 (000001DBA7559CB8)
[LOG] SoundI::release                          :  (000001DBDB27DFD8)
[LOG] SoundI::release                          :     FallingStone2 (000001DBA7558AD8)
[LOG] SoundI::release                          :  (000001DBDB2803C8)
[LOG] SoundI::release                          :     FallingStone3 (000001DBA755CBD8)
[LOG] SoundI::release                          :  (000001DBDB27AD88)
[LOG] SoundI::release                          :     FallingStone4 (000001DBA7557F78)
[LOG] SoundI::release                          :  (000001DBDB27E428)
[LOG] SoundI::release                          :     FallingStone1 (000001DBA7556D98)
[LOG] SoundI::release                          :  (000001DBDB27D8A8)
[LOG] SoundI::release                          :     FallingBricks4 (000001DBA755A338)
[LOG] SoundI::release                          :  (000001DBDB27EFA8)
[LOG] SoundI::release                          :     FallingBricks1 (000001DBA7558458)
[LOG] SoundI::release                          :  (000001DBDB27B068)
[LOG] SoundI::release                          :     FallingBricks2 (000001DBA755DA78)
[LOG] SoundI::release                          :  (000001DBDB27C488)
[LOG] SoundI::release                          :     FallingBricks3 (000001DBA7556A58)
[LOG] SoundI::release                          :  (000001DBDB27FC98)
[LOG] SoundI::release                          :     FallingGrass3 (000001DBA755B378)
[LOG] SoundI::release                          :  (000001DBDB27FE08)
[LOG] SoundI::release                          :     FallingGrass4 (000001DBA7556098)
[LOG] SoundI::release                          :  (000001DBDB27BEC8)
[LOG] SoundI::release                          :     FallingGrass1 (000001DBA75563D8)
[LOG] SoundI::release                          :  (000001DBDB27DCF8)
[LOG] SoundI::release                          :     FallingGrass2 (000001DBA755E778)
[LOG] SoundI::release                          :  (000001DBDB27CA48)
[LOG] SoundI::release                          :     StoneCollumn (000001DBA7557DD8)
[LOG] SoundI::release                          :  (000001DBDB27ECC8)
[LOG] SoundI::release                          :     GunPickUpSound (000001DBA755ACF8)
[LOG] SoundI::release                          :  (000001DBDB27E9E8)
[LOG] SoundI::release                          :     ShootEnemy3 (000001DBA7557C38)
[LOG] SoundI::release                          :  (000001DBDB27CBB8)
[LOG] SoundI::release                          :     ShootEnemy (000001DBA755CF18)
[LOG] SoundI::release                          :  (000001DBDB27AEF8)
[LOG] SoundI::release                          :     ShootEnemy1 (000001DBA755CD78)
[LOG] SoundI::release                          :  (000001DBDB27F3F8)
[LOG] SoundI::release                          :     ShootEnemy2 (000001DBA755A4D8)
[LOG] SoundI::release                          :  (000001DBDB27FB28)
[LOG] SoundI::release                          :     StoneElevator (000001DBA755A9B8)
[LOG] SoundI::release                          :  (000001DBDB27E148)
[LOG] SoundI::release                          :     StoneFootStep3 (000001DBA755B858)
[LOG] SoundI::release                          :  (000001DBDB27B1D8)
[LOG] SoundI::release                          :     StoneFootStep4 (000001DBA755E5D8)
[LOG] SoundI::release                          :  (000001DBDB27B798)
[LOG] SoundI::release                          :     StoneFootstep1 (000001DBA7557758)
[LOG] SoundI::release                          :  (000001DBDB27BA78)
[LOG] SoundI::release                          :     StoneFootstep2 (000001DBA7559638)
[LOG] SoundI::release                          :  (000001DBDB27B908)
[LOG] SoundI::release                          :     WalkGrass1 (000001DBA755D0B8)
[LOG] SoundI::release                          : WaterRunning (000001DB5A8B36D8)
[LOG] SoundI::release                          :     WaterRunning (000001DA9A664018)
[LOG] SoundI::release                          :     WaterRunning (000001DB7670CDC8)
[LOG] SoundI::release                          : WaterRunning (000001DB5A8ACE38)
[LOG] SoundI::release                          :     WaterRunning (000001DA9A662E38)
[LOG] SoundI::release                          :     WaterRunning (000001DB7670C8B8)
[LOG] SoundI::release                          : WaterRunning (000001DB5A8ADD68)
[LOG] SoundI::release                          :     WaterRunning (000001DA9A664838)
[LOG] SoundI::release                          :     WaterRunning (000001DB7670C3A8)
[LOG] SoundI::release                          : WaterRunning (000001DB5A8AD4F8)
[LOG] SoundI::release                          :     WaterRunning (000001DA9A663318)
[LOG] SoundI::release                          :     WaterRunning (000001DB7670D128)
[LOG] SoundI::release                          : WaterRunning (000001DB5A8B11B8)
[LOG] SoundI::release                          :     WaterRunning (000001DA9A661DF8)
[LOG] SoundI::release                          :     WaterRunning (000001DB7670CC18)
[LOG] SoundI::release                          : WaterRunning (000001DB5A8AE278)
[LOG] SoundI::release                          :     WaterRunning (000001DA9A661778)
[LOG] SoundI::release                          :     WaterRunning (000001D8EE073388)
[LOG] SoundI::release                          : WaterRunning (000001DB5A8B3378)
[LOG] SoundI::release                          :     WaterRunning (000001DA9A6615D8)
[LOG] SoundI::release                          :     WaterRunning (000001DB7670CA68)
[LOG] SoundI::release                          : ForestFade (000001DB5A8B1518)
[LOG] SoundI::release                          :     ForestFade (000001DA9A6641B8)
[LOG] SoundI::release                          :     ForestFade (000001D8EE0731D8)
[LOG] SoundI::release                          :  (000001DBDB280538)
[LOG] SoundI::release                          :     WalkGrass2 (000001DBA755D738)
[LOG] SoundI::release                          :  (000001DBDB27D738)
[LOG] SoundI::release                          :     WalkGrass3 (000001DBA7556238)
[LOG] SoundI::release                          :  (000001DBDB27D008)
[LOG] SoundI::release                          :     WalkGrass4 (000001DBA755EDF8)
[LOG] SoundI::release                          :  (000001DBDB27C1A8)
[LOG] SoundI::release                          :     WalkOnWood3 (000001DBA755E0F8)
[LOG] SoundI::release                          :  (000001DBDB27C5F8)
[LOG] SoundI::release                          :     WalkOnWood4 (000001DBA755BED8)
[LOG] SoundI::release                          :  (000001DBDB27FF78)
[LOG] SoundI::release                          :     WalkOnWood1 (000001DBA7556718)
[LOG] SoundI::release                          :  (000001DBDB27F6D8)
[LOG] SoundI::release                          :     WalkOnWood2 (000001DBA755A818)
[LOG] SoundI::release                          :  (000001DBDB2806A8)
[LOG] SoundI::release                          :     ClothSf2 (000001DBA755D258)
[LOG] SoundI::release                          :  (000001DBDB27CD28)
[LOG] SoundI::release                          :     ClothSf3 (000001DBA755DDB8)
[LOG] SoundI::release                          :  (000001DBDB27EB58)
[LOG] SoundI::release                          :     ClothSf4 (000001DBA755E918)
[LOG] SoundI::release                          :  (000001DBDB27C8D8)
[LOG] SoundI::release                          :     ClothSf1 (000001DBA7556BF8)
[LOG] SoundI::release                          :  (000001DBDB27EE38)
[LOG] SoundI::release                          :     MetalLeash2 (000001DBA7559FF8)
[LOG] SoundI::release                          :  (000001DBDB27C768)
[LOG] SoundI::release                          :     MetalLeash3 (000001DBA755D3F8)
[LOG] SoundI::release                          :  (000001DBDB27F118)
[LOG] SoundI::release                          :     MetalLeash4 (000001DBA7559978)
[LOG] SoundI::release                          :  (000001DBDB27C038)
[LOG] SoundI::release                          :     MetalLeash1 (000001DBA755DF58)
[LOG] SoundI::release                          :  (000001DBDB27C318)
[LOG] SoundI::release                          :     Crack3 (000001DBA755C218)
[LOG] SoundI::release                          :  (000001DBDB27BBE8)
[LOG] SoundI::release                          :     Crack4 (000001DBA7555A18)
[LOG] SoundI::release                          :  (000001DBDB280258)
[LOG] SoundI::release                          :     Crack1 (000001DBA755B518)
[LOG] SoundI::release                          :  (000001DBDB27D178)
[LOG] SoundI::release                          :     Crack2 (000001DBA7559B18)
[LOG] SoundI::release                          :  (000001DBDB27BD58)
[LOG] SoundI::release                          :     TreasurFound (000001DBA7558938)
[LOG] Thread::callback                         : FMOD Studio update thread finished.
[LOG] Thread::callback                         : FMOD Studio bank load thread finished.
[LOG] Profile::disconnectAll                   : Profiler disconnecting all clients
[LOG] Thread::callback                         : FMOD Studio sample load thread finished.
[LOG] LiveUpdate::release                      : 
[LOG] LiveUpdate::reset                        : Reset connection (reason Disconnected)
[LOG] Thread::callback                         : FMOD stream thread finished.
[LOG] Thread::callback                         : FMOD mixer thread finished.
[LOG] Profile::disconnectAll                   : Profiler disconnecting all clients
[LOG] SystemI::close                           : Closed.
[LOG] Manager::readBank                        : fileversion = 135, compatVersion = 132 (oldest = 44, newest = 135)
[LOG] Manager::readBank                        : fileversion = 135, compatVersion = 132 (oldest = 44, newest = 135)
[LOG] Manager::readBank                        : fileversion = 135, compatVersion = 132 (oldest = 44, newest = 135)
[LOG] Manager::readBank                        : fileversion = 135, compatVersion = 132 (oldest = 44, newest = 135)
[LOG] Manager::readBank                        : fileversion = 135, compatVersion = 132 (oldest = 44, newest = 135)
[LOG] Manager::readBank                        : fileversion = 135, compatVersion = 132 (oldest = 44, newest = 135)
[LOG] PlaybackSystem::acquireMasterBus         : Setting master channel group format to 6
[LOG] Thread::callback                         : FMOD Studio bank load thread finished.
[LOG] Thread::callback                         : FMOD Studio sample load thread finished.
[LOG] LiveUpdate::release                      : 
[LOG] LiveUpdate::reset                        : Reset connection (reason Disconnected)
[LOG] Thread::callback                         : FMOD stream thread finished.
[LOG] Thread::callback                         : FMOD mixer thread finished.
[LOG] SystemI::close                           : Closed.
[LOG] Thread::callback                         : FMOD nonblocking thread (0) finished.
[LOG] Thread::callback                         : FMOD file thread finished.
